[2.763s] Invoking command in '/home/mohammed/SmartCar/ros2_ws/src/SmartCar_pkg': PYTHONPATH=/home/mohammed/SmartCar/ros2_ws/build/SmartCar_pkg/prefix_override:/usr/lib/python3/dist-packages/colcon_core/task/python/colcon_distutils_commands:/home/mohammed/SmartCar/ros2_ws/install/SmartCar_pkg/lib/python3.10/site-packages:${PYTHONPATH} /usr/bin/python3 -W ignore:setup.py install is deprecated -W ignore:easy_install command is deprecated setup.py egg_info --egg-base ../../build/SmartCar_pkg build --build-base /home/mohammed/SmartCar/ros2_ws/build/SmartCar_pkg/build install --record /home/mohammed/SmartCar/ros2_ws/build/SmartCar_pkg/install.log --single-version-externally-managed install_data
[3.882s] running egg_info
[3.885s] writing ../../build/SmartCar_pkg/SmartCar_pkg.egg-info/PKG-INFO
[3.886s] writing dependency_links to ../../build/SmartCar_pkg/SmartCar_pkg.egg-info/dependency_links.txt
[3.887s] writing entry points to ../../build/SmartCar_pkg/SmartCar_pkg.egg-info/entry_points.txt
[3.888s] writing requirements to ../../build/SmartCar_pkg/SmartCar_pkg.egg-info/requires.txt
[3.889s] writing top-level names to ../../build/SmartCar_pkg/SmartCar_pkg.egg-info/top_level.txt
[3.898s] reading manifest file '../../build/SmartCar_pkg/SmartCar_pkg.egg-info/SOURCES.txt'
[3.902s] writing manifest file '../../build/SmartCar_pkg/SmartCar_pkg.egg-info/SOURCES.txt'
[3.903s] running build
[3.903s] running build_py
[3.905s] running install
[3.906s] running install_lib
[3.913s] running install_data
[3.913s] running install_egg_info
[3.920s] removing '/home/mohammed/SmartCar/ros2_ws/install/SmartCar_pkg/lib/python3.10/site-packages/SmartCar_pkg-0.0.0-py3.10.egg-info' (and everything under it)
[3.922s] Copying ../../build/SmartCar_pkg/SmartCar_pkg.egg-info to /home/mohammed/SmartCar/ros2_ws/install/SmartCar_pkg/lib/python3.10/site-packages/SmartCar_pkg-0.0.0-py3.10.egg-info
[3.928s] running install_scripts
[4.011s] Installing Pi_Ard_pub_node script to /home/mohammed/SmartCar/ros2_ws/install/SmartCar_pkg/lib/SmartCar_pkg
[4.011s] Installing Pi_Ard_sub_node script to /home/mohammed/SmartCar/ros2_ws/install/SmartCar_pkg/lib/SmartCar_pkg
[4.013s] writing list of installed files to '/home/mohammed/SmartCar/ros2_ws/build/SmartCar_pkg/install.log'
[4.138s] Invoked command in '/home/mohammed/SmartCar/ros2_ws/src/SmartCar_pkg' returned '0': PYTHONPATH=/home/mohammed/SmartCar/ros2_ws/build/SmartCar_pkg/prefix_override:/usr/lib/python3/dist-packages/colcon_core/task/python/colcon_distutils_commands:/home/mohammed/SmartCar/ros2_ws/install/SmartCar_pkg/lib/python3.10/site-packages:${PYTHONPATH} /usr/bin/python3 -W ignore:setup.py install is deprecated -W ignore:easy_install command is deprecated setup.py egg_info --egg-base ../../build/SmartCar_pkg build --build-base /home/mohammed/SmartCar/ros2_ws/build/SmartCar_pkg/build install --record /home/mohammed/SmartCar/ros2_ws/build/SmartCar_pkg/install.log --single-version-externally-managed install_data
