/home/mohammed/SmartCar/ros2_ws/install/SmartCar_pkg/lib/python3.10/site-packages/SmartCar_pkg/__init__.py
/home/mohammed/SmartCar/ros2_ws/install/SmartCar_pkg/lib/python3.10/site-packages/SmartCar_pkg/MPU_pub.py
/home/mohammed/SmartCar/ros2_ws/install/SmartCar_pkg/lib/python3.10/site-packages/SmartCar_pkg/Pi_Ard_pub.py
/home/mohammed/SmartCar/ros2_ws/install/SmartCar_pkg/lib/python3.10/site-packages/SmartCar_pkg/GPS_sub.py
/home/mohammed/SmartCar/ros2_ws/install/SmartCar_pkg/lib/python3.10/site-packages/SmartCar_pkg/LIDAR_sub.py
/home/mohammed/SmartCar/ros2_ws/install/SmartCar_pkg/lib/python3.10/site-packages/SmartCar_pkg/Pi_Ard_sub.py
/home/mohammed/SmartCar/ros2_ws/install/SmartCar_pkg/lib/python3.10/site-packages/SmartCar_pkg/__pycache__/__init__.cpython-310.pyc
/home/mohammed/SmartCar/ros2_ws/install/SmartCar_pkg/lib/python3.10/site-packages/SmartCar_pkg/__pycache__/MPU_pub.cpython-310.pyc
/home/mohammed/SmartCar/ros2_ws/install/SmartCar_pkg/lib/python3.10/site-packages/SmartCar_pkg/__pycache__/Pi_Ard_pub.cpython-310.pyc
/home/mohammed/SmartCar/ros2_ws/install/SmartCar_pkg/lib/python3.10/site-packages/SmartCar_pkg/__pycache__/GPS_sub.cpython-310.pyc
/home/mohammed/SmartCar/ros2_ws/install/SmartCar_pkg/lib/python3.10/site-packages/SmartCar_pkg/__pycache__/LIDAR_sub.cpython-310.pyc
/home/mohammed/SmartCar/ros2_ws/install/SmartCar_pkg/lib/python3.10/site-packages/SmartCar_pkg/__pycache__/Pi_Ard_sub.cpython-310.pyc
/home/mohammed/SmartCar/ros2_ws/install/SmartCar_pkg/share/ament_index/resource_index/packages/SmartCar_pkg
/home/mohammed/SmartCar/ros2_ws/install/SmartCar_pkg/share/SmartCar_pkg/package.xml
/home/mohammed/SmartCar/ros2_ws/install/SmartCar_pkg/lib/python3.10/site-packages/SmartCar_pkg-0.0.0-py3.10.egg-info/zip-safe
/home/mohammed/SmartCar/ros2_ws/install/SmartCar_pkg/lib/python3.10/site-packages/SmartCar_pkg-0.0.0-py3.10.egg-info/PKG-INFO
/home/mohammed/SmartCar/ros2_ws/install/SmartCar_pkg/lib/python3.10/site-packages/SmartCar_pkg-0.0.0-py3.10.egg-info/top_level.txt
/home/mohammed/SmartCar/ros2_ws/install/SmartCar_pkg/lib/python3.10/site-packages/SmartCar_pkg-0.0.0-py3.10.egg-info/requires.txt
/home/mohammed/SmartCar/ros2_ws/install/SmartCar_pkg/lib/python3.10/site-packages/SmartCar_pkg-0.0.0-py3.10.egg-info/entry_points.txt
/home/mohammed/SmartCar/ros2_ws/install/SmartCar_pkg/lib/python3.10/site-packages/SmartCar_pkg-0.0.0-py3.10.egg-info/dependency_links.txt
/home/mohammed/SmartCar/ros2_ws/install/SmartCar_pkg/lib/python3.10/site-packages/SmartCar_pkg-0.0.0-py3.10.egg-info/SOURCES.txt
/home/mohammed/SmartCar/ros2_ws/install/SmartCar_pkg/lib/SmartCar_pkg/GPS_sub_node
/home/mohammed/SmartCar/ros2_ws/install/SmartCar_pkg/lib/SmartCar_pkg/LIDAR_sub_node
/home/mohammed/SmartCar/ros2_ws/install/SmartCar_pkg/lib/SmartCar_pkg/MPU_pub_node
/home/mohammed/SmartCar/ros2_ws/install/SmartCar_pkg/lib/SmartCar_pkg/Pi_Ard_pub_node
/home/mohammed/SmartCar/ros2_ws/install/SmartCar_pkg/lib/SmartCar_pkg/Pi_Ard_sub_node
