[3.518s] Invoking command in '/home/mohammed/SmartCar/ros2_ws/src/SmartCar_pkg': PYTHONPATH=/home/mohammed/SmartCar/ros2_ws/build/SmartCar_pkg/prefix_override:/usr/lib/python3/dist-packages/colcon_core/task/python/colcon_distutils_commands:/home/mohammed/SmartCar/ros2_ws/install/SmartCar_pkg/lib/python3.10/site-packages:${PYTHONPATH} /usr/bin/python3 -W ignore:setup.py install is deprecated -W ignore:easy_install command is deprecated setup.py egg_info --egg-base ../../build/SmartCar_pkg build --build-base /home/mohammed/SmartCar/ros2_ws/build/SmartCar_pkg/build install --record /home/mohammed/SmartCar/ros2_ws/build/SmartCar_pkg/install.log --single-version-externally-managed install_data
[4.938s] running egg_info
[4.942s] writing ../../build/SmartCar_pkg/SmartCar_pkg.egg-info/PKG-INFO
[4.944s] writing dependency_links to ../../build/SmartCar_pkg/SmartCar_pkg.egg-info/dependency_links.txt
[4.944s] writing entry points to ../../build/SmartCar_pkg/SmartCar_pkg.egg-info/entry_points.txt
[4.946s] writing requirements to ../../build/SmartCar_pkg/SmartCar_pkg.egg-info/requires.txt
[4.947s] writing top-level names to ../../build/SmartCar_pkg/SmartCar_pkg.egg-info/top_level.txt
[4.956s] reading manifest file '../../build/SmartCar_pkg/SmartCar_pkg.egg-info/SOURCES.txt'
[4.961s] writing manifest file '../../build/SmartCar_pkg/SmartCar_pkg.egg-info/SOURCES.txt'
[4.963s] running build
[4.963s] running build_py
[4.964s] running install
[4.966s] running install_lib
[4.974s] running install_data
[4.974s] running install_egg_info
[4.991s] removing '/home/mohammed/SmartCar/ros2_ws/install/SmartCar_pkg/lib/python3.10/site-packages/SmartCar_pkg-0.0.0-py3.10.egg-info' (and everything under it)
[4.992s] Copying ../../build/SmartCar_pkg/SmartCar_pkg.egg-info to /home/mohammed/SmartCar/ros2_ws/install/SmartCar_pkg/lib/python3.10/site-packages/SmartCar_pkg-0.0.0-py3.10.egg-info
[4.992s] running install_scripts
[5.083s] Installing Pi_Ard_pub_node script to /home/mohammed/SmartCar/ros2_ws/install/SmartCar_pkg/lib/SmartCar_pkg
[5.084s] Installing Pi_Ard_sub_node script to /home/mohammed/SmartCar/ros2_ws/install/SmartCar_pkg/lib/SmartCar_pkg
[5.086s] writing list of installed files to '/home/mohammed/SmartCar/ros2_ws/build/SmartCar_pkg/install.log'
[5.232s] Invoked command in '/home/mohammed/SmartCar/ros2_ws/src/SmartCar_pkg' returned '0': PYTHONPATH=/home/mohammed/SmartCar/ros2_ws/build/SmartCar_pkg/prefix_override:/usr/lib/python3/dist-packages/colcon_core/task/python/colcon_distutils_commands:/home/mohammed/SmartCar/ros2_ws/install/SmartCar_pkg/lib/python3.10/site-packages:${PYTHONPATH} /usr/bin/python3 -W ignore:setup.py install is deprecated -W ignore:easy_install command is deprecated setup.py egg_info --egg-base ../../build/SmartCar_pkg build --build-base /home/mohammed/SmartCar/ros2_ws/build/SmartCar_pkg/build install --record /home/mohammed/SmartCar/ros2_ws/build/SmartCar_pkg/install.log --single-version-externally-managed install_data
