[0.512s] DEBUG:colcon:Command line arguments: ['/usr/bin/colcon', 'build', '--packages-select', 'SmartCar_pkg']
[0.513s] DEBUG:colcon:Parsed command line arguments: Namespace(log_base=None, log_level=None, verb_name='build', build_base='build', install_base='install', merge_install=False, symlink_install=False, test_result_base=None, continue_on_error=False, executor='parallel', parallel_workers=4, event_handlers=None, ignore_user_meta=False, metas=['./colcon.meta'], base_paths=['.'], packages_ignore=None, packages_ignore_regex=None, paths=None, packages_up_to=None, packages_up_to_regex=None, packages_above=None, packages_above_and_dependencies=None, packages_above_depth=None, packages_select_by_dep=None, packages_skip_by_dep=None, packages_skip_up_to=None, packages_select_build_failed=False, packages_skip_build_finished=False, packages_select_test_failures=False, packages_skip_test_passed=False, packages_select=['SmartCar_pkg'], packages_skip=None, packages_select_regex=None, packages_skip_regex=None, packages_start=None, packages_end=None, allow_overriding=[], cmake_args=None, cmake_target=None, cmake_target_skip_unavailable=False, cmake_clean_cache=False, cmake_clean_first=False, cmake_force_configure=False, ament_cmake_args=None, catkin_cmake_args=None, catkin_skip_building_tests=False, verb_parser=<colcon_defaults.argument_parser.defaults.DefaultArgumentsDecorator object at 0xffffa0ac7910>, verb_extension=<colcon_core.verb.build.BuildVerb object at 0xffffa0ca8d00>, main=<bound method BuildVerb.main of <colcon_core.verb.build.BuildVerb object at 0xffffa0ca8d00>>)
[1.515s] Level 1:colcon.colcon_core.package_discovery:discover_packages(colcon_meta) check parameters
[1.515s] Level 1:colcon.colcon_core.package_discovery:discover_packages(recursive) check parameters
[1.515s] Level 1:colcon.colcon_core.package_discovery:discover_packages(ignore) check parameters
[1.516s] Level 1:colcon.colcon_core.package_discovery:discover_packages(path) check parameters
[1.516s] Level 1:colcon.colcon_core.package_discovery:discover_packages(colcon_meta) discover
[1.516s] Level 1:colcon.colcon_core.package_discovery:discover_packages(recursive) discover
[1.516s] INFO:colcon.colcon_core.package_discovery:Crawling recursively for packages in '/home/mohammed/SmartCar/ros2_ws'
[1.517s] Level 1:colcon.colcon_core.package_identification:_identify(.) by extensions ['ignore', 'ignore_ament_install']
[1.517s] Level 1:colcon.colcon_core.package_identification:_identify(.) by extension 'ignore'
[1.517s] Level 1:colcon.colcon_core.package_identification:_identify(.) by extension 'ignore_ament_install'
[1.518s] Level 1:colcon.colcon_core.package_identification:_identify(.) by extensions ['colcon_pkg']
[1.518s] Level 1:colcon.colcon_core.package_identification:_identify(.) by extension 'colcon_pkg'
[1.518s] Level 1:colcon.colcon_core.package_identification:_identify(.) by extensions ['colcon_meta']
[1.518s] Level 1:colcon.colcon_core.package_identification:_identify(.) by extension 'colcon_meta'
[1.518s] Level 1:colcon.colcon_core.package_identification:_identify(.) by extensions ['ros']
[1.518s] Level 1:colcon.colcon_core.package_identification:_identify(.) by extension 'ros'
[1.566s] Level 1:colcon.colcon_core.package_identification:_identify(.) by extensions ['cmake', 'python']
[1.566s] Level 1:colcon.colcon_core.package_identification:_identify(.) by extension 'cmake'
[1.566s] Level 1:colcon.colcon_core.package_identification:_identify(.) by extension 'python'
[1.566s] Level 1:colcon.colcon_core.package_identification:_identify(.) by extensions ['python_setup_py']
[1.566s] Level 1:colcon.colcon_core.package_identification:_identify(.) by extension 'python_setup_py'
[1.567s] Level 1:colcon.colcon_core.package_identification:_identify(build) by extensions ['ignore', 'ignore_ament_install']
[1.568s] Level 1:colcon.colcon_core.package_identification:_identify(build) by extension 'ignore'
[1.568s] Level 1:colcon.colcon_core.package_identification:_identify(build) ignored
[1.569s] Level 1:colcon.colcon_core.package_identification:_identify(install) by extensions ['ignore', 'ignore_ament_install']
[1.569s] Level 1:colcon.colcon_core.package_identification:_identify(install) by extension 'ignore'
[1.570s] Level 1:colcon.colcon_core.package_identification:_identify(install) ignored
[1.570s] Level 1:colcon.colcon_core.package_identification:_identify(log) by extensions ['ignore', 'ignore_ament_install']
[1.571s] Level 1:colcon.colcon_core.package_identification:_identify(log) by extension 'ignore'
[1.571s] Level 1:colcon.colcon_core.package_identification:_identify(log) ignored
[1.571s] Level 1:colcon.colcon_core.package_identification:_identify(src) by extensions ['ignore', 'ignore_ament_install']
[1.571s] Level 1:colcon.colcon_core.package_identification:_identify(src) by extension 'ignore'
[1.572s] Level 1:colcon.colcon_core.package_identification:_identify(src) by extension 'ignore_ament_install'
[1.572s] Level 1:colcon.colcon_core.package_identification:_identify(src) by extensions ['colcon_pkg']
[1.572s] Level 1:colcon.colcon_core.package_identification:_identify(src) by extension 'colcon_pkg'
[1.572s] Level 1:colcon.colcon_core.package_identification:_identify(src) by extensions ['colcon_meta']
[1.572s] Level 1:colcon.colcon_core.package_identification:_identify(src) by extension 'colcon_meta'
[1.573s] Level 1:colcon.colcon_core.package_identification:_identify(src) by extensions ['ros']
[1.573s] Level 1:colcon.colcon_core.package_identification:_identify(src) by extension 'ros'
[1.574s] Level 1:colcon.colcon_core.package_identification:_identify(src) by extensions ['cmake', 'python']
[1.574s] Level 1:colcon.colcon_core.package_identification:_identify(src) by extension 'cmake'
[1.574s] Level 1:colcon.colcon_core.package_identification:_identify(src) by extension 'python'
[1.574s] Level 1:colcon.colcon_core.package_identification:_identify(src) by extensions ['python_setup_py']
[1.574s] Level 1:colcon.colcon_core.package_identification:_identify(src) by extension 'python_setup_py'
[1.575s] Level 1:colcon.colcon_core.package_identification:_identify(src/SmartCar_pkg) by extensions ['ignore', 'ignore_ament_install']
[1.575s] Level 1:colcon.colcon_core.package_identification:_identify(src/SmartCar_pkg) by extension 'ignore'
[1.575s] Level 1:colcon.colcon_core.package_identification:_identify(src/SmartCar_pkg) by extension 'ignore_ament_install'
[1.576s] Level 1:colcon.colcon_core.package_identification:_identify(src/SmartCar_pkg) by extensions ['colcon_pkg']
[1.576s] Level 1:colcon.colcon_core.package_identification:_identify(src/SmartCar_pkg) by extension 'colcon_pkg'
[1.576s] Level 1:colcon.colcon_core.package_identification:_identify(src/SmartCar_pkg) by extensions ['colcon_meta']
[1.576s] Level 1:colcon.colcon_core.package_identification:_identify(src/SmartCar_pkg) by extension 'colcon_meta'
[1.576s] Level 1:colcon.colcon_core.package_identification:_identify(src/SmartCar_pkg) by extensions ['ros']
[1.576s] Level 1:colcon.colcon_core.package_identification:_identify(src/SmartCar_pkg) by extension 'ros'
[1.586s] DEBUG:colcon.colcon_core.package_identification:Package 'src/SmartCar_pkg' with type 'ros.ament_python' and name 'SmartCar_pkg'
[1.586s] Level 1:colcon.colcon_core.package_identification:_identify(src/YDLidar-SDK) by extensions ['ignore', 'ignore_ament_install']
[1.587s] Level 1:colcon.colcon_core.package_identification:_identify(src/YDLidar-SDK) by extension 'ignore'
[1.587s] Level 1:colcon.colcon_core.package_identification:_identify(src/YDLidar-SDK) by extension 'ignore_ament_install'
[1.587s] Level 1:colcon.colcon_core.package_identification:_identify(src/YDLidar-SDK) by extensions ['colcon_pkg']
[1.587s] Level 1:colcon.colcon_core.package_identification:_identify(src/YDLidar-SDK) by extension 'colcon_pkg'
[1.588s] Level 1:colcon.colcon_core.package_identification:_identify(src/YDLidar-SDK) by extensions ['colcon_meta']
[1.588s] Level 1:colcon.colcon_core.package_identification:_identify(src/YDLidar-SDK) by extension 'colcon_meta'
[1.588s] Level 1:colcon.colcon_core.package_identification:_identify(src/YDLidar-SDK) by extensions ['ros']
[1.588s] Level 1:colcon.colcon_core.package_identification:_identify(src/YDLidar-SDK) by extension 'ros'
[1.589s] Level 1:colcon.colcon_core.package_identification:_identify(src/YDLidar-SDK) by extensions ['cmake', 'python']
[1.589s] Level 1:colcon.colcon_core.package_identification:_identify(src/YDLidar-SDK) by extension 'cmake'
[1.680s] Level 1:colcon.colcon_core.package_identification:_identify(src/YDLidar-SDK) by extension 'python'
[1.681s] DEBUG:colcon.colcon_core.package_identification:Package 'src/YDLidar-SDK' with type 'cmake' and name 'ydlidar_sdk'
[1.682s] Level 1:colcon.colcon_core.package_identification:_identify(src/ydlidar_ros2_driver) by extensions ['ignore', 'ignore_ament_install']
[1.682s] Level 1:colcon.colcon_core.package_identification:_identify(src/ydlidar_ros2_driver) by extension 'ignore'
[1.682s] Level 1:colcon.colcon_core.package_identification:_identify(src/ydlidar_ros2_driver) by extension 'ignore_ament_install'
[1.683s] Level 1:colcon.colcon_core.package_identification:_identify(src/ydlidar_ros2_driver) by extensions ['colcon_pkg']
[1.683s] Level 1:colcon.colcon_core.package_identification:_identify(src/ydlidar_ros2_driver) by extension 'colcon_pkg'
[1.683s] Level 1:colcon.colcon_core.package_identification:_identify(src/ydlidar_ros2_driver) by extensions ['colcon_meta']
[1.683s] Level 1:colcon.colcon_core.package_identification:_identify(src/ydlidar_ros2_driver) by extension 'colcon_meta'
[1.683s] Level 1:colcon.colcon_core.package_identification:_identify(src/ydlidar_ros2_driver) by extensions ['ros']
[1.683s] Level 1:colcon.colcon_core.package_identification:_identify(src/ydlidar_ros2_driver) by extension 'ros'
[1.686s] DEBUG:colcon.colcon_core.package_identification:Package 'src/ydlidar_ros2_driver' with type 'ros.ament_cmake' and name 'ydlidar_ros2_driver'
[1.687s] Level 1:colcon.colcon_core.package_discovery:discover_packages(recursive) using defaults
[1.687s] Level 1:colcon.colcon_core.package_discovery:discover_packages(ignore) discover
[1.687s] Level 1:colcon.colcon_core.package_discovery:discover_packages(ignore) using defaults
[1.687s] Level 1:colcon.colcon_core.package_discovery:discover_packages(path) discover
[1.687s] Level 1:colcon.colcon_core.package_discovery:discover_packages(path) using defaults
[1.762s] INFO:colcon.colcon_core.package_selection:Skipping not selected package 'ydlidar_ros2_driver' in 'src/ydlidar_ros2_driver'
[1.762s] INFO:colcon.colcon_core.package_selection:Skipping not selected package 'ydlidar_sdk' in 'src/YDLidar-SDK'
[1.764s] Level 1:colcon.colcon_core.package_discovery:discover_packages(prefix_path) check parameters
[1.764s] Level 1:colcon.colcon_core.package_discovery:discover_packages(prefix_path) discover
[1.773s] DEBUG:colcon.colcon_installed_package_information.package_discovery:Found 3 installed packages in /home/mohammed/SmartCar/ros2_ws/install
[1.782s] DEBUG:colcon.colcon_installed_package_information.package_discovery:Found 274 installed packages in /opt/ros/humble
[1.829s] Level 1:colcon.colcon_core.package_discovery:discover_packages(prefix_path) using defaults
[2.002s] Level 5:colcon.colcon_core.verb:set package 'SmartCar_pkg' build argument 'cmake_args' from command line to 'None'
[2.002s] Level 5:colcon.colcon_core.verb:set package 'SmartCar_pkg' build argument 'cmake_target' from command line to 'None'
[2.002s] Level 5:colcon.colcon_core.verb:set package 'SmartCar_pkg' build argument 'cmake_target_skip_unavailable' from command line to 'False'
[2.003s] Level 5:colcon.colcon_core.verb:set package 'SmartCar_pkg' build argument 'cmake_clean_cache' from command line to 'False'
[2.003s] Level 5:colcon.colcon_core.verb:set package 'SmartCar_pkg' build argument 'cmake_clean_first' from command line to 'False'
[2.003s] Level 5:colcon.colcon_core.verb:set package 'SmartCar_pkg' build argument 'cmake_force_configure' from command line to 'False'
[2.003s] Level 5:colcon.colcon_core.verb:set package 'SmartCar_pkg' build argument 'ament_cmake_args' from command line to 'None'
[2.003s] Level 5:colcon.colcon_core.verb:set package 'SmartCar_pkg' build argument 'catkin_cmake_args' from command line to 'None'
[2.003s] Level 5:colcon.colcon_core.verb:set package 'SmartCar_pkg' build argument 'catkin_skip_building_tests' from command line to 'False'
[2.003s] DEBUG:colcon.colcon_core.verb:Building package 'SmartCar_pkg' with the following arguments: {'ament_cmake_args': None, 'build_base': '/home/mohammed/SmartCar/ros2_ws/build/SmartCar_pkg', 'catkin_cmake_args': None, 'catkin_skip_building_tests': False, 'cmake_args': None, 'cmake_clean_cache': False, 'cmake_clean_first': False, 'cmake_force_configure': False, 'cmake_target': None, 'cmake_target_skip_unavailable': False, 'install_base': '/home/mohammed/SmartCar/ros2_ws/install/SmartCar_pkg', 'merge_install': False, 'path': '/home/mohammed/SmartCar/ros2_ws/src/SmartCar_pkg', 'symlink_install': False, 'test_result_base': None}
[2.004s] INFO:colcon.colcon_core.executor:Executing jobs using 'parallel' executor
[2.007s] DEBUG:colcon.colcon_parallel_executor.executor.parallel:run_until_complete
[2.008s] INFO:colcon.colcon_ros.task.ament_python.build:Building ROS package in '/home/mohammed/SmartCar/ros2_ws/src/SmartCar_pkg' with build type 'ament_python'
[2.009s] Level 1:colcon.colcon_core.shell:create_environment_hook('SmartCar_pkg', 'ament_prefix_path')
[2.018s] INFO:colcon.colcon_core.plugin_system:Skipping extension 'colcon_core.shell.bat': Not used on non-Windows systems
[2.019s] INFO:colcon.colcon_core.shell:Creating environment hook '/home/mohammed/SmartCar/ros2_ws/install/SmartCar_pkg/share/SmartCar_pkg/hook/ament_prefix_path.ps1'
[2.022s] INFO:colcon.colcon_core.shell:Creating environment descriptor '/home/mohammed/SmartCar/ros2_ws/install/SmartCar_pkg/share/SmartCar_pkg/hook/ament_prefix_path.dsv'
[2.025s] INFO:colcon.colcon_core.shell:Creating environment hook '/home/mohammed/SmartCar/ros2_ws/install/SmartCar_pkg/share/SmartCar_pkg/hook/ament_prefix_path.sh'
[2.028s] INFO:colcon.colcon_core.shell:Skip shell extension 'powershell' for command environment: Not usable outside of PowerShell
[2.029s] DEBUG:colcon.colcon_core.shell:Skip shell extension 'dsv' for command environment
[3.271s] INFO:colcon.colcon_core.task.python.build:Building Python package in '/home/mohammed/SmartCar/ros2_ws/src/SmartCar_pkg'
[3.272s] INFO:colcon.colcon_core.shell:Skip shell extension 'powershell' for command environment: Not usable outside of PowerShell
[3.272s] DEBUG:colcon.colcon_core.shell:Skip shell extension 'dsv' for command environment
[4.811s] DEBUG:colcon.colcon_core.event_handler.log_command:Invoking command in '/home/mohammed/SmartCar/ros2_ws/src/SmartCar_pkg': PYTHONPATH=/home/mohammed/SmartCar/ros2_ws/build/SmartCar_pkg/prefix_override:/usr/lib/python3/dist-packages/colcon_core/task/python/colcon_distutils_commands:/home/mohammed/SmartCar/ros2_ws/install/SmartCar_pkg/lib/python3.10/site-packages:${PYTHONPATH} /usr/bin/python3 -W ignore:setup.py install is deprecated -W ignore:easy_install command is deprecated setup.py egg_info --egg-base ../../build/SmartCar_pkg build --build-base /home/mohammed/SmartCar/ros2_ws/build/SmartCar_pkg/build install --record /home/mohammed/SmartCar/ros2_ws/build/SmartCar_pkg/install.log --single-version-externally-managed install_data
[6.195s] DEBUG:colcon.colcon_core.event_handler.log_command:Invoked command in '/home/mohammed/SmartCar/ros2_ws/src/SmartCar_pkg' returned '0': PYTHONPATH=/home/mohammed/SmartCar/ros2_ws/build/SmartCar_pkg/prefix_override:/usr/lib/python3/dist-packages/colcon_core/task/python/colcon_distutils_commands:/home/mohammed/SmartCar/ros2_ws/install/SmartCar_pkg/lib/python3.10/site-packages:${PYTHONPATH} /usr/bin/python3 -W ignore:setup.py install is deprecated -W ignore:easy_install command is deprecated setup.py egg_info --egg-base ../../build/SmartCar_pkg build --build-base /home/mohammed/SmartCar/ros2_ws/build/SmartCar_pkg/build install --record /home/mohammed/SmartCar/ros2_ws/build/SmartCar_pkg/install.log --single-version-externally-managed install_data
[6.206s] Level 1:colcon.colcon_core.environment:checking '/home/mohammed/SmartCar/ros2_ws/install/SmartCar_pkg' for CMake module files
[6.209s] Level 1:colcon.colcon_core.environment:checking '/home/mohammed/SmartCar/ros2_ws/install/SmartCar_pkg' for CMake config files
[6.214s] Level 1:colcon.colcon_core.environment:checking '/home/mohammed/SmartCar/ros2_ws/install/SmartCar_pkg/lib'
[6.215s] Level 1:colcon.colcon_core.environment:checking '/home/mohammed/SmartCar/ros2_ws/install/SmartCar_pkg/bin'
[6.215s] Level 1:colcon.colcon_core.environment:checking '/home/mohammed/SmartCar/ros2_ws/install/SmartCar_pkg/lib/pkgconfig/SmartCar_pkg.pc'
[6.216s] Level 1:colcon.colcon_core.environment:checking '/home/mohammed/SmartCar/ros2_ws/install/SmartCar_pkg/lib/python3.10/site-packages'
[6.216s] Level 1:colcon.colcon_core.shell:create_environment_hook('SmartCar_pkg', 'pythonpath')
[6.217s] INFO:colcon.colcon_core.shell:Creating environment hook '/home/mohammed/SmartCar/ros2_ws/install/SmartCar_pkg/share/SmartCar_pkg/hook/pythonpath.ps1'
[6.219s] INFO:colcon.colcon_core.shell:Creating environment descriptor '/home/mohammed/SmartCar/ros2_ws/install/SmartCar_pkg/share/SmartCar_pkg/hook/pythonpath.dsv'
[6.221s] INFO:colcon.colcon_core.shell:Creating environment hook '/home/mohammed/SmartCar/ros2_ws/install/SmartCar_pkg/share/SmartCar_pkg/hook/pythonpath.sh'
[6.225s] Level 1:colcon.colcon_core.environment:checking '/home/mohammed/SmartCar/ros2_ws/install/SmartCar_pkg/bin'
[6.225s] Level 1:colcon.colcon_core.environment:create_environment_scripts_only(SmartCar_pkg)
[6.226s] INFO:colcon.colcon_core.shell:Creating package script '/home/mohammed/SmartCar/ros2_ws/install/SmartCar_pkg/share/SmartCar_pkg/package.ps1'
[6.230s] INFO:colcon.colcon_core.shell:Creating package descriptor '/home/mohammed/SmartCar/ros2_ws/install/SmartCar_pkg/share/SmartCar_pkg/package.dsv'
[6.233s] INFO:colcon.colcon_core.shell:Creating package script '/home/mohammed/SmartCar/ros2_ws/install/SmartCar_pkg/share/SmartCar_pkg/package.sh'
[6.237s] INFO:colcon.colcon_core.shell:Creating package script '/home/mohammed/SmartCar/ros2_ws/install/SmartCar_pkg/share/SmartCar_pkg/package.bash'
[6.241s] INFO:colcon.colcon_core.shell:Creating package script '/home/mohammed/SmartCar/ros2_ws/install/SmartCar_pkg/share/SmartCar_pkg/package.zsh'
[6.246s] Level 1:colcon.colcon_core.environment:create_file_with_runtime_dependencies(/home/mohammed/SmartCar/ros2_ws/install/SmartCar_pkg/share/colcon-core/packages/SmartCar_pkg)
[6.247s] DEBUG:colcon.colcon_parallel_executor.executor.parallel:closing loop
[6.249s] DEBUG:colcon.colcon_parallel_executor.executor.parallel:loop closed
[6.250s] DEBUG:colcon.colcon_parallel_executor.executor.parallel:run_until_complete finished with '0'
[6.250s] DEBUG:colcon.colcon_core.event_reactor:joining thread
[6.273s] INFO:colcon.colcon_core.plugin_system:Skipping extension 'colcon_notification.desktop_notification.terminal_notifier': Not used on non-Darwin systems
[6.273s] INFO:colcon.colcon_core.plugin_system:Skipping extension 'colcon_notification.desktop_notification.win32': Not used on non-Windows systems
[6.273s] INFO:colcon.colcon_notification.desktop_notification:Sending desktop notification using 'notify2'
[6.318s] DEBUG:colcon.colcon_core.event_reactor:joined thread
[6.319s] INFO:colcon.colcon_core.shell:Creating prefix script '/home/mohammed/SmartCar/ros2_ws/install/local_setup.ps1'
[6.324s] INFO:colcon.colcon_core.shell:Creating prefix util module '/home/mohammed/SmartCar/ros2_ws/install/_local_setup_util_ps1.py'
[6.330s] INFO:colcon.colcon_core.shell:Creating prefix chain script '/home/mohammed/SmartCar/ros2_ws/install/setup.ps1'
[6.335s] INFO:colcon.colcon_core.shell:Creating prefix script '/home/mohammed/SmartCar/ros2_ws/install/local_setup.sh'
[6.338s] INFO:colcon.colcon_core.shell:Creating prefix util module '/home/mohammed/SmartCar/ros2_ws/install/_local_setup_util_sh.py'
[6.341s] INFO:colcon.colcon_core.shell:Creating prefix chain script '/home/mohammed/SmartCar/ros2_ws/install/setup.sh'
[6.346s] INFO:colcon.colcon_core.shell:Creating prefix script '/home/mohammed/SmartCar/ros2_ws/install/local_setup.bash'
[6.348s] INFO:colcon.colcon_core.shell:Creating prefix chain script '/home/mohammed/SmartCar/ros2_ws/install/setup.bash'
[6.353s] INFO:colcon.colcon_core.shell:Creating prefix script '/home/mohammed/SmartCar/ros2_ws/install/local_setup.zsh'
[6.355s] INFO:colcon.colcon_core.shell:Creating prefix chain script '/home/mohammed/SmartCar/ros2_ws/install/setup.zsh'
