running egg_info
creating ../../build/SmartCar_pkg/SmartCar_pkg.egg-info
writing ../../build/SmartCar_pkg/SmartCar_pkg.egg-info/PKG-INFO
writing dependency_links to ../../build/SmartCar_pkg/SmartCar_pkg.egg-info/dependency_links.txt
writing entry points to ../../build/SmartCar_pkg/SmartCar_pkg.egg-info/entry_points.txt
writing requirements to ../../build/SmartCar_pkg/SmartCar_pkg.egg-info/requires.txt
writing top-level names to ../../build/SmartCar_pkg/SmartCar_pkg.egg-info/top_level.txt
writing manifest file '../../build/SmartCar_pkg/SmartCar_pkg.egg-info/SOURCES.txt'
reading manifest file '../../build/SmartCar_pkg/SmartCar_pkg.egg-info/SOURCES.txt'
writing manifest file '../../build/SmartCar_pkg/SmartCar_pkg.egg-info/SOURCES.txt'
running build
running build_py
creating /home/mohammed/SmartCar/ros2_ws/build/SmartCar_pkg/build
creating /home/mohammed/SmartCar/ros2_ws/build/SmartCar_pkg/build/lib
creating /home/mohammed/SmartCar/ros2_ws/build/SmartCar_pkg/build/lib/SmartCar_pkg
copying SmartCar_pkg/__init__.py -> /home/mohammed/SmartCar/ros2_ws/build/SmartCar_pkg/build/lib/SmartCar_pkg
copying SmartCar_pkg/Pi_Ard_pub.py -> /home/mohammed/SmartCar/ros2_ws/build/SmartCar_pkg/build/lib/SmartCar_pkg
copying SmartCar_pkg/Pi_Ard_sub.py -> /home/mohammed/SmartCar/ros2_ws/build/SmartCar_pkg/build/lib/SmartCar_pkg
running install
running install_lib
creating /home/mohammed/SmartCar/ros2_ws/install/SmartCar_pkg/lib/python3.10/site-packages/SmartCar_pkg
copying /home/mohammed/SmartCar/ros2_ws/build/SmartCar_pkg/build/lib/SmartCar_pkg/__init__.py -> /home/mohammed/SmartCar/ros2_ws/install/SmartCar_pkg/lib/python3.10/site-packages/SmartCar_pkg
copying /home/mohammed/SmartCar/ros2_ws/build/SmartCar_pkg/build/lib/SmartCar_pkg/Pi_Ard_pub.py -> /home/mohammed/SmartCar/ros2_ws/install/SmartCar_pkg/lib/python3.10/site-packages/SmartCar_pkg
copying /home/mohammed/SmartCar/ros2_ws/build/SmartCar_pkg/build/lib/SmartCar_pkg/Pi_Ard_sub.py -> /home/mohammed/SmartCar/ros2_ws/install/SmartCar_pkg/lib/python3.10/site-packages/SmartCar_pkg
byte-compiling /home/mohammed/SmartCar/ros2_ws/install/SmartCar_pkg/lib/python3.10/site-packages/SmartCar_pkg/__init__.py to __init__.cpython-310.pyc
byte-compiling /home/mohammed/SmartCar/ros2_ws/install/SmartCar_pkg/lib/python3.10/site-packages/SmartCar_pkg/Pi_Ard_pub.py to Pi_Ard_pub.cpython-310.pyc
byte-compiling /home/mohammed/SmartCar/ros2_ws/install/SmartCar_pkg/lib/python3.10/site-packages/SmartCar_pkg/Pi_Ard_sub.py to Pi_Ard_sub.cpython-310.pyc
running install_data
creating /home/mohammed/SmartCar/ros2_ws/install/SmartCar_pkg/share/ament_index
creating /home/mohammed/SmartCar/ros2_ws/install/SmartCar_pkg/share/ament_index/resource_index
creating /home/mohammed/SmartCar/ros2_ws/install/SmartCar_pkg/share/ament_index/resource_index/packages
copying resource/SmartCar_pkg -> /home/mohammed/SmartCar/ros2_ws/install/SmartCar_pkg/share/ament_index/resource_index/packages
copying package.xml -> /home/mohammed/SmartCar/ros2_ws/install/SmartCar_pkg/share/SmartCar_pkg
running install_egg_info
Copying ../../build/SmartCar_pkg/SmartCar_pkg.egg-info to /home/mohammed/SmartCar/ros2_ws/install/SmartCar_pkg/lib/python3.10/site-packages/SmartCar_pkg-0.0.0-py3.10.egg-info
running install_scripts
Installing Pi_Ard_pub_node script to /home/mohammed/SmartCar/ros2_ws/install/SmartCar_pkg/lib/SmartCar_pkg
Installing Pi_Ard_sub_node script to /home/mohammed/SmartCar/ros2_ws/install/SmartCar_pkg/lib/SmartCar_pkg
writing list of installed files to '/home/mohammed/SmartCar/ros2_ws/build/SmartCar_pkg/install.log'
