[3.716s] Invoking command in '/home/mohammed/SmartCar/ros2_ws/src/SmartCar_pkg': PYTHONPATH=/home/mohammed/SmartCar/ros2_ws/build/SmartCar_pkg/prefix_override:/usr/lib/python3/dist-packages/colcon_core/task/python/colcon_distutils_commands:/home/mohammed/SmartCar/ros2_ws/install/SmartCar_pkg/lib/python3.10/site-packages:${PYTHONPATH} /usr/bin/python3 -W ignore:setup.py install is deprecated -W ignore:easy_install command is deprecated setup.py egg_info --egg-base ../../build/SmartCar_pkg build --build-base /home/mohammed/SmartCar/ros2_ws/build/SmartCar_pkg/build install --record /home/mohammed/SmartCar/ros2_ws/build/SmartCar_pkg/install.log --single-version-externally-managed install_data
[7.228s] running egg_info
[7.239s] creating ../../build/SmartCar_pkg/SmartCar_pkg.egg-info
[7.239s] writing ../../build/SmartCar_pkg/SmartCar_pkg.egg-info/PKG-INFO
[7.240s] writing dependency_links to ../../build/SmartCar_pkg/SmartCar_pkg.egg-info/dependency_links.txt
[7.241s] writing entry points to ../../build/SmartCar_pkg/SmartCar_pkg.egg-info/entry_points.txt
[7.242s] writing requirements to ../../build/SmartCar_pkg/SmartCar_pkg.egg-info/requires.txt
[7.243s] writing top-level names to ../../build/SmartCar_pkg/SmartCar_pkg.egg-info/top_level.txt
[7.243s] writing manifest file '../../build/SmartCar_pkg/SmartCar_pkg.egg-info/SOURCES.txt'
[7.248s] reading manifest file '../../build/SmartCar_pkg/SmartCar_pkg.egg-info/SOURCES.txt'
[7.254s] writing manifest file '../../build/SmartCar_pkg/SmartCar_pkg.egg-info/SOURCES.txt'
[7.257s] running build
[7.258s] running build_py
[7.261s] creating /home/mohammed/SmartCar/ros2_ws/build/SmartCar_pkg/build
[7.263s] creating /home/mohammed/SmartCar/ros2_ws/build/SmartCar_pkg/build/lib
[7.266s] creating /home/mohammed/SmartCar/ros2_ws/build/SmartCar_pkg/build/lib/SmartCar_pkg
[7.267s] copying SmartCar_pkg/__init__.py -> /home/mohammed/SmartCar/ros2_ws/build/SmartCar_pkg/build/lib/SmartCar_pkg
[7.268s] copying SmartCar_pkg/Pi_Ard_pub.py -> /home/mohammed/SmartCar/ros2_ws/build/SmartCar_pkg/build/lib/SmartCar_pkg
[7.273s] copying SmartCar_pkg/Pi_Ard_sub.py -> /home/mohammed/SmartCar/ros2_ws/build/SmartCar_pkg/build/lib/SmartCar_pkg
[7.274s] running install
[7.275s] running install_lib
[7.275s] creating /home/mohammed/SmartCar/ros2_ws/install/SmartCar_pkg/lib/python3.10/site-packages/SmartCar_pkg
[7.287s] copying /home/mohammed/SmartCar/ros2_ws/build/SmartCar_pkg/build/lib/SmartCar_pkg/__init__.py -> /home/mohammed/SmartCar/ros2_ws/install/SmartCar_pkg/lib/python3.10/site-packages/SmartCar_pkg
[7.289s] copying /home/mohammed/SmartCar/ros2_ws/build/SmartCar_pkg/build/lib/SmartCar_pkg/Pi_Ard_pub.py -> /home/mohammed/SmartCar/ros2_ws/install/SmartCar_pkg/lib/python3.10/site-packages/SmartCar_pkg
[7.303s] copying /home/mohammed/SmartCar/ros2_ws/build/SmartCar_pkg/build/lib/SmartCar_pkg/Pi_Ard_sub.py -> /home/mohammed/SmartCar/ros2_ws/install/SmartCar_pkg/lib/python3.10/site-packages/SmartCar_pkg
[7.306s] byte-compiling /home/mohammed/SmartCar/ros2_ws/install/SmartCar_pkg/lib/python3.10/site-packages/SmartCar_pkg/__init__.py to __init__.cpython-310.pyc
[7.313s] byte-compiling /home/mohammed/SmartCar/ros2_ws/install/SmartCar_pkg/lib/python3.10/site-packages/SmartCar_pkg/Pi_Ard_pub.py to Pi_Ard_pub.cpython-310.pyc
[7.313s] byte-compiling /home/mohammed/SmartCar/ros2_ws/install/SmartCar_pkg/lib/python3.10/site-packages/SmartCar_pkg/Pi_Ard_sub.py to Pi_Ard_sub.cpython-310.pyc
[7.314s] running install_data
[7.323s] creating /home/mohammed/SmartCar/ros2_ws/install/SmartCar_pkg/share/ament_index
[7.324s] creating /home/mohammed/SmartCar/ros2_ws/install/SmartCar_pkg/share/ament_index/resource_index
[7.324s] creating /home/mohammed/SmartCar/ros2_ws/install/SmartCar_pkg/share/ament_index/resource_index/packages
[7.325s] copying resource/SmartCar_pkg -> /home/mohammed/SmartCar/ros2_ws/install/SmartCar_pkg/share/ament_index/resource_index/packages
[7.326s] copying package.xml -> /home/mohammed/SmartCar/ros2_ws/install/SmartCar_pkg/share/SmartCar_pkg
[7.326s] running install_egg_info
[7.335s] Copying ../../build/SmartCar_pkg/SmartCar_pkg.egg-info to /home/mohammed/SmartCar/ros2_ws/install/SmartCar_pkg/lib/python3.10/site-packages/SmartCar_pkg-0.0.0-py3.10.egg-info
[7.341s] running install_scripts
[7.574s] Installing Pi_Ard_pub_node script to /home/mohammed/SmartCar/ros2_ws/install/SmartCar_pkg/lib/SmartCar_pkg
[7.590s] Installing Pi_Ard_sub_node script to /home/mohammed/SmartCar/ros2_ws/install/SmartCar_pkg/lib/SmartCar_pkg
[7.592s] writing list of installed files to '/home/mohammed/SmartCar/ros2_ws/build/SmartCar_pkg/install.log'
[7.891s] Invoked command in '/home/mohammed/SmartCar/ros2_ws/src/SmartCar_pkg' returned '0': PYTHONPATH=/home/mohammed/SmartCar/ros2_ws/build/SmartCar_pkg/prefix_override:/usr/lib/python3/dist-packages/colcon_core/task/python/colcon_distutils_commands:/home/mohammed/SmartCar/ros2_ws/install/SmartCar_pkg/lib/python3.10/site-packages:${PYTHONPATH} /usr/bin/python3 -W ignore:setup.py install is deprecated -W ignore:easy_install command is deprecated setup.py egg_info --egg-base ../../build/SmartCar_pkg build --build-base /home/mohammed/SmartCar/ros2_ws/build/SmartCar_pkg/build install --record /home/mohammed/SmartCar/ros2_ws/build/SmartCar_pkg/install.log --single-version-externally-managed install_data
