[2.785s] Invoking command in '/home/mohammed/SmartCar/ros2_ws/src/SmartCar_pkg': PYTHONPATH=/home/mohammed/SmartCar/ros2_ws/build/SmartCar_pkg/prefix_override:/usr/lib/python3/dist-packages/colcon_core/task/python/colcon_distutils_commands:/home/mohammed/SmartCar/ros2_ws/install/SmartCar_pkg/lib/python3.10/site-packages:${PYTHONPATH} /usr/bin/python3 -W ignore:setup.py install is deprecated -W ignore:easy_install command is deprecated setup.py egg_info --egg-base ../../build/SmartCar_pkg build --build-base /home/mohammed/SmartCar/ros2_ws/build/SmartCar_pkg/build install --record /home/mohammed/SmartCar/ros2_ws/build/SmartCar_pkg/install.log --single-version-externally-managed install_data
[3.905s] running egg_info
[3.908s] writing ../../build/SmartCar_pkg/SmartCar_pkg.egg-info/PKG-INFO
[3.909s] writing dependency_links to ../../build/SmartCar_pkg/SmartCar_pkg.egg-info/dependency_links.txt
[3.910s] writing entry points to ../../build/SmartCar_pkg/SmartCar_pkg.egg-info/entry_points.txt
[3.911s] writing requirements to ../../build/SmartCar_pkg/SmartCar_pkg.egg-info/requires.txt
[3.912s] writing top-level names to ../../build/SmartCar_pkg/SmartCar_pkg.egg-info/top_level.txt
[3.920s] reading manifest file '../../build/SmartCar_pkg/SmartCar_pkg.egg-info/SOURCES.txt'
[3.924s] writing manifest file '../../build/SmartCar_pkg/SmartCar_pkg.egg-info/SOURCES.txt'
[3.925s] running build
[3.925s] running build_py
[3.926s] copying SmartCar_pkg/Pi_Ard_pub.py -> /home/mohammed/SmartCar/ros2_ws/build/SmartCar_pkg/build/lib/SmartCar_pkg
[3.927s] copying SmartCar_pkg/Pi_Ard_sub.py -> /home/mohammed/SmartCar/ros2_ws/build/SmartCar_pkg/build/lib/SmartCar_pkg
[3.928s] running install
[3.929s] running install_lib
[3.934s] copying /home/mohammed/SmartCar/ros2_ws/build/SmartCar_pkg/build/lib/SmartCar_pkg/Pi_Ard_pub.py -> /home/mohammed/SmartCar/ros2_ws/install/SmartCar_pkg/lib/python3.10/site-packages/SmartCar_pkg
[3.935s] copying /home/mohammed/SmartCar/ros2_ws/build/SmartCar_pkg/build/lib/SmartCar_pkg/Pi_Ard_sub.py -> /home/mohammed/SmartCar/ros2_ws/install/SmartCar_pkg/lib/python3.10/site-packages/SmartCar_pkg
[3.938s] byte-compiling /home/mohammed/SmartCar/ros2_ws/install/SmartCar_pkg/lib/python3.10/site-packages/SmartCar_pkg/Pi_Ard_pub.py to Pi_Ard_pub.cpython-310.pyc
[3.941s] byte-compiling /home/mohammed/SmartCar/ros2_ws/install/SmartCar_pkg/lib/python3.10/site-packages/SmartCar_pkg/Pi_Ard_sub.py to Pi_Ard_sub.cpython-310.pyc
[3.944s] running install_data
[3.945s] running install_egg_info
[3.952s] removing '/home/mohammed/SmartCar/ros2_ws/install/SmartCar_pkg/lib/python3.10/site-packages/SmartCar_pkg-0.0.0-py3.10.egg-info' (and everything under it)
[3.954s] Copying ../../build/SmartCar_pkg/SmartCar_pkg.egg-info to /home/mohammed/SmartCar/ros2_ws/install/SmartCar_pkg/lib/python3.10/site-packages/SmartCar_pkg-0.0.0-py3.10.egg-info
[3.961s] running install_scripts
[4.044s] Installing Pi_Ard_pub_node script to /home/mohammed/SmartCar/ros2_ws/install/SmartCar_pkg/lib/SmartCar_pkg
[4.045s] Installing Pi_Ard_sub_node script to /home/mohammed/SmartCar/ros2_ws/install/SmartCar_pkg/lib/SmartCar_pkg
[4.048s] writing list of installed files to '/home/mohammed/SmartCar/ros2_ws/build/SmartCar_pkg/install.log'
[4.173s] Invoked command in '/home/mohammed/SmartCar/ros2_ws/src/SmartCar_pkg' returned '0': PYTHONPATH=/home/mohammed/SmartCar/ros2_ws/build/SmartCar_pkg/prefix_override:/usr/lib/python3/dist-packages/colcon_core/task/python/colcon_distutils_commands:/home/mohammed/SmartCar/ros2_ws/install/SmartCar_pkg/lib/python3.10/site-packages:${PYTHONPATH} /usr/bin/python3 -W ignore:setup.py install is deprecated -W ignore:easy_install command is deprecated setup.py egg_info --egg-base ../../build/SmartCar_pkg build --build-base /home/mohammed/SmartCar/ros2_ws/build/SmartCar_pkg/build install --record /home/mohammed/SmartCar/ros2_ws/build/SmartCar_pkg/install.log --single-version-externally-managed install_data
